0 info it worked if it ends with ok
1 verbose cli [ '/home/pi/node-v0.10.2-linux-arm-pi/bin/node',
1 verbose cli   '/home/pi/node-v0.10.2-linux-arm-pi/bin/npm',
1 verbose cli   'install',
1 verbose cli   '-g',
1 verbose cli   'cylon-firmdata' ]
2 info using npm@1.2.15
3 info using node@v0.10.2
4 verbose read json /home/pi/node-v0.10.2-linux-arm-pi/lib/package.json
5 verbose read json /home/pi/node-v0.10.2-linux-arm-pi/lib/package.json
6 verbose cache add [ 'cylon-firmdata', null ]
7 verbose cache add name=undefined spec="cylon-firmdata" args=["cylon-firmdata",null]
8 verbose parsed url { protocol: null,
8 verbose parsed url   slashes: null,
8 verbose parsed url   auth: null,
8 verbose parsed url   host: null,
8 verbose parsed url   port: null,
8 verbose parsed url   hostname: null,
8 verbose parsed url   hash: null,
8 verbose parsed url   search: null,
8 verbose parsed url   query: null,
8 verbose parsed url   pathname: 'cylon-firmdata',
8 verbose parsed url   path: 'cylon-firmdata',
8 verbose parsed url   href: 'cylon-firmdata' }
9 silly lockFile ae2de47b-cylon-firmdata cylon-firmdata
10 verbose lock cylon-firmdata /home/pi/.npm/ae2de47b-cylon-firmdata.lock
11 silly lockFile ae2de47b-cylon-firmdata cylon-firmdata
12 silly lockFile ae2de47b-cylon-firmdata cylon-firmdata
13 verbose addNamed [ 'cylon-firmdata', '' ]
14 verbose addNamed [ null, '' ]
15 silly lockFile e50468b7-cylon-firmdata cylon-firmdata@
16 verbose lock cylon-firmdata@ /home/pi/.npm/e50468b7-cylon-firmdata.lock
17 silly addNameRange { name: 'cylon-firmdata', range: '', hasData: false }
18 verbose url raw cylon-firmdata
19 verbose url resolving [ 'https://registry.npmjs.org/', './cylon-firmdata' ]
20 verbose url resolved https://registry.npmjs.org/cylon-firmdata
21 info trying registry request attempt 1 at 01:20:56
22 http GET https://registry.npmjs.org/cylon-firmdata
23 http 404 https://registry.npmjs.org/cylon-firmdata
24 silly registry.get cb [ 404,
24 silly registry.get   { date: 'Tue, 14 Apr 2015 16:02:03 GMT',
24 silly registry.get     server: 'CouchDB/1.5.0 (Erlang OTP/R16B03)',
24 silly registry.get     'content-type': 'application/json',
24 silly registry.get     'cache-control': 'max-age=0',
24 silly registry.get     'content-length': '51',
24 silly registry.get     'accept-ranges': 'bytes',
24 silly registry.get     via: '1.1 varnish',
24 silly registry.get     age: '0',
24 silly registry.get     'x-served-by': 'cache-atl6233-ATL',
24 silly registry.get     'x-cache': 'MISS',
24 silly registry.get     'x-cache-hits': '0',
24 silly registry.get     'x-timer': 'S1429027323.132676,VS0,VE80',
24 silly registry.get     'keep-alive': 'timeout=10, max=50',
24 silly registry.get     connection: 'Keep-Alive' } ]
25 silly lockFile e50468b7-cylon-firmdata cylon-firmdata@
26 silly lockFile e50468b7-cylon-firmdata cylon-firmdata@
27 error 404 'cylon-firmdata' is not in the npm registry.
27 error 404 You should bug the author to publish it
27 error 404
27 error 404 Note that you can also install from a
27 error 404 tarball, folder, or http url, or git url.
28 error System Linux 3.18.7+
29 error command "/home/pi/node-v0.10.2-linux-arm-pi/bin/node" "/home/pi/node-v0.10.2-linux-arm-pi/bin/npm" "install" "-g" "cylon-firmdata"
30 error cwd /home/pi/Documents/GPIOwExpressjs
31 error node -v v0.10.2
32 error npm -v 1.2.15
33 error code E404
34 verbose exit [ 1, true ]
